C51 COMPILER V9.60.0.0   LCD1602                                                           05/23/2022 22:18:05 PAGE 1   


C51 COMPILER V9.60.0.0, COMPILATION OF MODULE LCD1602
OBJECT MODULE PLACED IN LCD1602.OBJ
COMPILER INVOKED BY: C:\Keil_v5\C51\BIN\C51.EXE LCD1602.c OPTIMIZE(8,SPEED) BROWSE DEBUG OBJECTEXTEND TABS(2)

line level    source

   1          #include <reg52.h>
   2          #include "Delay.h"
   3          
   4          #define uchar unsigned char
   5          
   6          sbit LCD_rs=P2^6;
   7          sbit LCD_rw=P2^5;
   8          sbit LCD_en=P2^7;
   9          
  10          void write_command(uchar command){
  11   1        LCD_rs=0;
  12   1        P0=command;
  13   1        delay(5);
  14   1        LCD_en=1;
  15   1        delay(5);
  16   1        LCD_en=0;
  17   1      }
  18          
  19          void write_data(uchar TR_data){
  20   1        LCD_rs=1;
  21   1        P0=TR_data;
  22   1        delay(5);
  23   1        LCD_en=1;
  24   1        delay(5);
  25   1        LCD_en=0;
  26   1      }
  27          
  28          void LCD_init(){
  29   1        LCD_rw=0;
  30   1        LCD_en=0;
  31   1        write_command(0x38);    
  32   1        write_command(0x0c);
  33   1        write_command(0x06);
  34   1        write_command(0x01);    //显示清0，指针清0
  35   1      }


MODULE INFORMATION:   STATIC OVERLAYABLE
   CODE SIZE        =     70    ----
   CONSTANT SIZE    =   ----    ----
   XDATA SIZE       =   ----    ----
   PDATA SIZE       =   ----    ----
   DATA SIZE        =   ----    ----
   IDATA SIZE       =   ----    ----
   BIT SIZE         =   ----    ----
END OF MODULE INFORMATION.


C51 COMPILATION COMPLETE.  0 WARNING(S),  0 ERROR(S)
