C51 COMPILER V9.60.0.0   MASTER                                                            06/06/2022 07:43:09 PAGE 1   


C51 COMPILER V9.60.0.0, COMPILATION OF MODULE MASTER
OBJECT MODULE PLACED IN Master.OBJ
COMPILER INVOKED BY: C:\Keil_v5\C51\BIN\C51.EXE Master.c OPTIMIZE(8,SPEED) BROWSE DEBUG OBJECTEXTEND TABS(2)

line level    source

   1          #include <reg52.h>
   2          #include <stdlib.h>
   3          #include "KeyScan.h"
   4          #include "Delay.h"
   5          #include "LCD1602.h"
   6          
   7          #define uint unsigned int
   8          #define uchar unsigned char
   9          
  10          sbit LED=P2^3;
  11          sbit RS485_TR=P3^2;
  12          
  13          #define TXEN RS485_TR=1; //发送使能
  14          #define RXEN RS485_TR=0; //接收使能
  15          #define OSC 120000000
  16          #define BAUDRATE 9600
  17          
  18          
  19          bit R_done = 0;  // 判断接收是否完成
  20          bit T_done = 0;  // 判断发送是否完成
  21          bit Succ = 1;    // 判断接收数据是否有效（数据长度为0则无效）
  22          
  23          uint TPtr,RPtr; // 接收与发送指针
  24          uint len,check; // 数据长度，校验结果
  25          uint time_count = 0; //延迟时间计数
  26          uchar R_buf[10];  //接收数据缓存
  27          uchar T_buf[10]; //发送数据缓存
  28          uchar H_addr = 0x00; //主机地址
  29          uchar T_addr= 0x01; //发送地址
  30          uchar T_data= 0x00; //发送数据
  31          uchar R_addr = 0x00; //接收从机地址
  32          uchar send_addr_counter = 0; //发送地址次数
  33          
  34          void mock_data();
  35          void show_data(uchar TR_data);
  36          void send_addr();
  37          void show_endline(char addr, uint index);
  38          void send_data();
  39          void handle_key();
  40          void serial_init();
  41          void show_headline();
  42          void timer0_init();
  43          void show_test_data(uchar index, uchar TR_data);
  44          void send_stop_signal();
  45          uint create_stop_check(); // 创造停止校验位
  46          
  47          void main(){
  48   1        LED = 0;
  49   1        serial_init();
  50   1        LCD_init();
  51   1        
  52   1        T_addr = 0x01; //默认发送地址为从机1
  53   1        T_data = 0;
  54   1        
  55   1        while(1){
C51 COMPILER V9.60.0.0   MASTER                                                            06/06/2022 07:43:09 PAGE 2   

  56   2          show_headline();
  57   2          handle_key();
  58   2        }
  59   1      }
  60          
  61          
  62          void mock_data(){ // 模拟发送数据
  63   1        uint i;
  64   1        T_buf[0] = H_addr;
  65   1        T_buf[1] = T_addr;
  66   1        T_buf[2] = len;
  67   1        for(i = 0; i < len;i++){
  68   2          T_buf[3 + i] = T_data;
  69   2        }
  70   1        check = T_buf[0];
  71   1        for(i = 1; i < len + 3; i++){
  72   2            check += T_buf[i];
  73   2        }
  74   1        
  75   1        T_buf[3 + len] = check;
  76   1      }
  77          
  78          void show_data(uchar TR_data){
  79   1          write_data('0'+TR_data/100);
  80   1          write_data('0'+TR_data/10%10);
  81   1          write_data('0'+TR_data%10); 
  82   1      }
  83          
  84          void show_test_data(uchar index,uchar TR_data){
  85   1        switch(index){
  86   2          case 0:
  87   2            show_string(2, 9, "_T_"); //发送数据标志
  88   2            delay(1000);
  89   2            show_num(2, 9, TR_data, 3);
  90   2            delay(1000);
  91   2            break;
  92   2          case 1:
  93   2            show_string(2, 9, "_R_"); //接收数据标志
  94   2            delay(1000);
  95   2            show_num(2, 9, TR_data, 3);
  96   2            delay(1000);
  97   2            break;
  98   2          case 2:
  99   2            show_string(2, 9, "TD_"); //发送数据完成标志
 100   2            delay(1000);
 101   2            show_num(2, 9, TR_data, 3);
 102   2            delay(1000);
 103   2            break;
 104   2          case 3:
 105   2            show_string(2, 9, "RD_"); //接收数据完成标志
 106   2            delay(1000);
 107   2            show_num(2, 9, TR_data, 3);
 108   2            delay(1000);
 109   2            break;
 110   2          case 4:
 111   2            show_string(2, 9, "RA_"); //接收地址标志
 112   2            delay(1000);
 113   2            show_num(2, 9, TR_data, 3);
 114   2            delay(1000);
 115   2            break;
 116   2          case 5:
 117   2            show_string(2, 9, "TA_"); //发送地址标志
C51 COMPILER V9.60.0.0   MASTER                                                            06/06/2022 07:43:09 PAGE 3   

 118   2            delay(1000);
 119   2            show_num(2, 9, TR_data, 3);
 120   2            delay(1000);
 121   2            break;
 122   2          case 6:
 123   2            show_string(2, 9, "RTA"); //重新发送地址标志
 124   2            delay(1000);
 125   2            show_num(2, 9, TR_data, 3);
 126   2            delay(1000);
 127   2            break;
 128   2          case 7:
 129   2            show_string(2, 9, "RT_"); //重新发送数据标志
 130   2            delay(1000);
 131   2            show_num(2, 9, TR_data, 3);
 132   2            delay(1000);
 133   2            break;
 134   2        }
 135   1      }
 136          
 137          
 138          void send_addr(){ 
 139   1        uchar index;
 140   1        TXEN;
 141   1        TI = 0;
 142   1        TB8 = 1;
 143   1        SBUF = T_addr;
 144   1        while(!TI);
 145   1        TI = 0;
 146   1        RXEN;
 147   1        RI = 0;
 148   1        index = send_addr_counter == 0 ? 5 : 6;
 149   1        show_test_data(index, T_addr); // 测试代码
 150   1        
 151   1        time_count = 0;
 152   1        timer0_init();
 153   1        while(time_count < 7); //等待7ms过后
 154   1        
 155   1        
 156   1        if(R_addr != T_addr){
 157   2          send_addr_counter ++;
 158   2          send_addr();
 159   2        }
 160   1        
 161   1      }
 162          
 163          void show_endline(uchar addr, uint index){
 164   1          write_command(0x80+0x40); 
 165   1          write_data('R');
 166   1          
 167   1          write_data('0' + addr);
 168   1          write_data(':');
 169   1          show_data(R_buf[index]);
 170   1      }
 171          
 172          void send_data(){
 173   1          TXEN;
 174   1          TI = 0;
 175   1          TB8 = 0;
 176   1          TPtr = 0;
 177   1          TI = 1;
 178   1        
 179   1          while(!T_done); 
C51 COMPILER V9.60.0.0   MASTER                                                            06/06/2022 07:43:09 PAGE 4   

 180   1          T_done = 0;
 181   1          
 182   1          RXEN;           //开始接收数据
 183   1          RI = 0;
 184   1          RPtr = 0;
 185   1        
 186   1          while(!R_done);
 187   1          R_done = 0;   
 188   1      }
 189          
 190          
 191          void handle_key(){
 192   1        uchar k = 0;
 193   1        k = getKeyNum();
 194   1        switch(k)
 195   1        {
 196   2          case 1:
 197   2            T_addr = T_addr != 0x01 ? 0x01 : 0x02;  
 198   2            break;
 199   2          case 2:
 200   2            T_data ++;
 201   2            break;
 202   2          case 3:
 203   2            T_data --;
 204   2            break;
 205   2          case 4: 
 206   2            send_addr();
 207   2          
 208   2            len = rand() % 5 + 1;
 209   2            
 210   2            TB8 = 0; // 开始发送数据
 211   2            SM2 = 0;
 212   2            mock_data();  
 213   2            send_data();   
 214   2            
 215   2            while(!Succ){       // 如果接收的数据有错误，重新发送
 216   3              send_data();
 217   3            }
 218   2            
 219   2            show_endline(T_addr, 2); // 如果接收的数据没有问题，显示发送的数据
 220   2            send_stop_signal(); // 开始发送长度为0数据，表示发送终止
 221   2            while(!T_done);
 222   2            T_done = 0;
 223   2            R_addr = 0x00;
 224   2            TXEN;
 225   2            break;
 226   2        }
 227   1      }
 228          
 229          uint create_stop_check(){ 
 230   1        uint i = 0, stop_check = T_buf[0];
 231   1        
 232   1        for( i = 1; i < 3; i++){
 233   2          stop_check += T_buf[i];
 234   2        }
 235   1        
 236   1        return stop_check;
 237   1      }
 238          
 239          void send_stop_signal(){
 240   1          TXEN;
 241   1          TI = 0;
C51 COMPILER V9.60.0.0   MASTER                                                            06/06/2022 07:43:09 PAGE 5   

 242   1          TB8 = 0;
 243   1          T_buf[2] = 0;
 244   1        
 245   1          T_buf[3] = create_stop_check();
 246   1          TI = 1;
 247   1          while(!T_done);
 248   1      }
 249          
 250          
 251          void serial_init(){
 252   1        TMOD = 0x20; // 定时器1，工作模式2
 253   1        TL1 = 256 - (OSC / BAUDRATE / 12 / 16); // 硬件自动重载
 254   1        TH1 = 256 - (OSC / BAUDRATE / 12 / 16);
 255   1        PCON |= 0X80;
 256   1        TR1 = 1; // 开启计数
 257   1        SCON = 0xD8; // 串口3，TB8为1，REN为1 
 258   1        EA = 1;
 259   1        ES = 1;
 260   1      }
 261          
 262          void timer0_init(){
 263   1        TMOD &= 0xF0;
 264   1        TMOD |= 0x01;
 265   1        TF0 = 0;
 266   1        TR0 = 1; 
 267   1        TH0 = (65535 - 1000)/256;
 268   1        TL0 = (65535 - 1000)%256;
 269   1        ET0 = 1;
 270   1        PT0 = 1;
 271   1        EA = 1;
 272   1      }
 273          
 274          
 275          void show_headline(){
 276   1          write_command(0x80);
 277   1          write_data('T');
 278   1          write_command(0x80+3);
 279   1          write_data('A');
 280   1          write_data(':');
 281   1          write_data('0' + T_addr); 
 282   1          write_command(0x80+8);
 283   1          write_data('D');
 284   1          write_data(':');
 285   1          show_data(T_data);
 286   1      }
 287          
 288          
 289          void comISR()interrupt 4{ // 通信串口中断服务
 290   1        
 291   1        if( TI == 1 && TB8 == 0){
 292   2          uchar index;
 293   2          TI = 0;
 294   2          
 295   2          if(!T_done){
 296   3            TB8 = 0;
 297   3            SBUF = T_buf[TPtr++];
 298   3            
 299   3            index = Succ ? 0 : 7;
 300   3            
 301   3            show_test_data(index, T_buf[TPtr - 1]); //测试代码
 302   3            
 303   3            if(TPtr >=  T_buf[2] + 4){
C51 COMPILER V9.60.0.0   MASTER                                                            06/06/2022 07:43:09 PAGE 6   

 304   4              RXEN;
 305   4              show_test_data(2, TPtr); //测试代码
 306   4              T_done = 1;
 307   4              
 308   4              TPtr = 0;
 309   4              Succ = 1;
 310   4              send_addr_counter = 0;
 311   4            }
 312   3          } 
 313   2        }
 314   1        
 315   1        if(RI == 1){  
 316   2          RI = 0;
 317   2          if(RB8 == 0){
 318   3            R_buf[RPtr ++] = SBUF;
 319   3            
 320   3            show_test_data(1, R_buf[RPtr - 1]); //测试代码
 321   3      
 322   3            if( RPtr >= 3 + R_buf[1]){ //从机地址+数据长度+数据+校验和
 323   4              
 324   4                show_test_data(3, RPtr); //测试代码
 325   4                
 326   4                Succ = (R_buf[1] == 0 ? 0 : 1);
 327   4                R_done = 1;
 328   4            }
 329   3          }
 330   2          
 331   2          if(RB8 == 1){
 332   3              R_addr = SBUF;
 333   3          }
 334   2        }
 335   1      }
 336          
 337          
 338          void timer0ISR() interrupt 1{ // 定时器0中断服务timer 
 339   1        time_count ++;
 340   1        if(time_count < 7){
 341   2          TH0 = (65535 - 1000)/256;
 342   2          TL0 = (65535 - 1000)%256;
 343   2        }
 344   1      }
 345          


MODULE INFORMATION:   STATIC OVERLAYABLE
   CODE SIZE        =    940    ----
   CONSTANT SIZE    =     32    ----
   XDATA SIZE       =   ----    ----
   PDATA SIZE       =   ----    ----
   DATA SIZE        =     35       6
   IDATA SIZE       =   ----    ----
   BIT SIZE         =      3    ----
END OF MODULE INFORMATION.


C51 COMPILATION COMPLETE.  0 WARNING(S),  0 ERROR(S)
